0 info it worked if it ends with ok
1 verbose cli [ 'node', '/usr/local/bin/npm', 'install', '-g', 'mocha' ]
2 info using npm@1.4.28
3 info using node@v0.10.36
4 verbose cache add [ 'mocha', null ]
5 verbose cache add name=undefined spec="mocha" args=["mocha",null]
6 verbose parsed url { protocol: null,
6 verbose parsed url   slashes: null,
6 verbose parsed url   auth: null,
6 verbose parsed url   host: null,
6 verbose parsed url   port: null,
6 verbose parsed url   hostname: null,
6 verbose parsed url   hash: null,
6 verbose parsed url   search: null,
6 verbose parsed url   query: null,
6 verbose parsed url   pathname: 'mocha',
6 verbose parsed url   path: 'mocha',
6 verbose parsed url   href: 'mocha' }
7 silly lockFile a619da43-mocha mocha
8 verbose lock mocha /Users/todd/.npm/a619da43-mocha.lock
9 silly lockFile a619da43-mocha mocha
10 silly lockFile a619da43-mocha mocha
11 verbose addNamed [ 'mocha', '' ]
12 verbose addNamed [ null, '*' ]
13 silly lockFile b9899f31-mocha mocha@
14 verbose lock mocha@ /Users/todd/.npm/b9899f31-mocha.lock
15 silly addNameRange { name: 'mocha', range: '*', hasData: false }
16 verbose request where is /mocha
17 verbose request registry https://registry.npmjs.org/
18 verbose request id 4ddd5ddc11d242cd
19 verbose url raw /mocha
20 verbose url resolving [ 'https://registry.npmjs.org/', './mocha' ]
21 verbose url resolved https://registry.npmjs.org/mocha
22 verbose request where is https://registry.npmjs.org/mocha
23 info trying registry request attempt 1 at 16:15:05
24 verbose etag "AKAXW8FW2N5ASQPKZOQAZP8GB"
25 http GET https://registry.npmjs.org/mocha
26 http 304 https://registry.npmjs.org/mocha
27 silly registry.get cb [ 304,
27 silly registry.get   { date: 'Sat, 28 Feb 2015 21:15:05 GMT',
27 silly registry.get     server: 'Apache',
27 silly registry.get     via: '1.1 varnish',
27 silly registry.get     'last-modified': 'Sat, 28 Feb 2015 21:15:06 GMT',
27 silly registry.get     'cache-control': 'max-age=60',
27 silly registry.get     etag: '"AKAXW8FW2N5ASQPKZOQAZP8GB"',
27 silly registry.get     age: '0',
27 silly registry.get     'x-served-by': 'cache-dfw1820-DFW',
27 silly registry.get     'x-cache': 'HIT',
27 silly registry.get     'x-cache-hits': '1',
27 silly registry.get     'x-timer': 'S1425158105.988625,VS0,VE42',
27 silly registry.get     vary: 'Accept',
27 silly registry.get     'content-length': '0',
27 silly registry.get     'keep-alive': 'timeout=10, max=50',
27 silly registry.get     connection: 'Keep-Alive' } ]
28 verbose etag https://registry.npmjs.org/mocha from cache
29 silly addNameRange number 2 { name: 'mocha', range: '*', hasData: true }
30 silly addNameRange versions [ 'mocha',
30 silly addNameRange   [ '0.0.1-alpha1',
30 silly addNameRange     '0.0.1-alpha2',
30 silly addNameRange     '0.0.1-alpha3',
30 silly addNameRange     '0.0.1-alpha4',
30 silly addNameRange     '0.0.1-alpha5',
30 silly addNameRange     '0.0.1-alpha6',
30 silly addNameRange     '0.0.1',
30 silly addNameRange     '0.0.2',
30 silly addNameRange     '0.0.3',
30 silly addNameRange     '0.0.4',
30 silly addNameRange     '0.0.5',
30 silly addNameRange     '0.0.6',
30 silly addNameRange     '0.0.7',
30 silly addNameRange     '0.0.8',
30 silly addNameRange     '0.1.0',
30 silly addNameRange     '0.2.0',
30 silly addNameRange     '0.3.0',
30 silly addNameRange     '0.3.1',
30 silly addNameRange     '0.3.2',
30 silly addNameRange     '0.3.3',
30 silly addNameRange     '0.3.4',
30 silly addNameRange     '0.3.6',
30 silly addNameRange     '0.4.0',
30 silly addNameRange     '0.5.0',
30 silly addNameRange     '0.6.0',
30 silly addNameRange     '0.7.0',
30 silly addNameRange     '0.7.1',
30 silly addNameRange     '0.8.0',
30 silly addNameRange     '0.8.1',
30 silly addNameRange     '0.9.0',
30 silly addNameRange     '0.10.0',
30 silly addNameRange     '0.10.1',
30 silly addNameRange     '0.10.2',
30 silly addNameRange     '0.11.0',
30 silly addNameRange     '0.12.0',
30 silly addNameRange     '0.12.1',
30 silly addNameRange     '0.13.0',
30 silly addNameRange     '0.14.0',
30 silly addNameRange     '0.14.1',
30 silly addNameRange     '1.0.0',
30 silly addNameRange     '1.0.1',
30 silly addNameRange     '1.0.2',
30 silly addNameRange     '1.0.3',
30 silly addNameRange     '1.1.0',
30 silly addNameRange     '1.2.0',
30 silly addNameRange     '1.2.1',
30 silly addNameRange     '1.2.2',
30 silly addNameRange     '1.3.0',
30 silly addNameRange     '1.3.1',
30 silly addNameRange     '1.3.2',
30 silly addNameRange     '1.4.0',
30 silly addNameRange     '1.4.1',
30 silly addNameRange     '1.4.2',
30 silly addNameRange     '1.4.3',
30 silly addNameRange     '1.5.0',
30 silly addNameRange     '1.6.0',
30 silly addNameRange     '1.7.0',
30 silly addNameRange     '1.7.1',
30 silly addNameRange     '1.7.2',
30 silly addNameRange     '1.7.3',
30 silly addNameRange     '1.7.4',
30 silly addNameRange     '1.8.0',
30 silly addNameRange     '1.8.1',
30 silly addNameRange     '1.8.2',
30 silly addNameRange     '1.9.0',
30 silly addNameRange     '1.10.0',
30 silly addNameRange     '1.11.0',
30 silly addNameRange     '1.12.0',
30 silly addNameRange     '1.12.1',
30 silly addNameRange     '1.13.0',
30 silly addNameRange     '1.14.0',
30 silly addNameRange     '1.15.0',
30 silly addNameRange     '1.15.1',
30 silly addNameRange     '1.16.0',
30 silly addNameRange     '1.16.1',
30 silly addNameRange     '1.16.2',
30 silly addNameRange     '1.17.0',
30 silly addNameRange     '1.17.1',
30 silly addNameRange     '1.18.0',
30 silly addNameRange     '1.18.1',
30 silly addNameRange     '1.18.2',
30 silly addNameRange     '1.19.0',
30 silly addNameRange     '1.20.0',
30 silly addNameRange     '1.20.1',
30 silly addNameRange     '1.21.0',
30 silly addNameRange     '1.21.1',
30 silly addNameRange     '1.21.2',
30 silly addNameRange     '1.21.3',
30 silly addNameRange     '1.21.4',
30 silly addNameRange     '1.21.5',
30 silly addNameRange     '2.0.0',
30 silly addNameRange     '2.0.1',
30 silly addNameRange     '2.1.0' ] ]
31 verbose addNamed [ 'mocha', '2.1.0' ]
32 verbose addNamed [ '2.1.0', '2.1.0' ]
33 silly lockFile f9a4f261-mocha-2-1-0 mocha@2.1.0
34 verbose lock mocha@2.1.0 /Users/todd/.npm/f9a4f261-mocha-2-1-0.lock
35 silly lockFile f9a4f261-mocha-2-1-0 mocha@2.1.0
36 silly lockFile f9a4f261-mocha-2-1-0 mocha@2.1.0
37 silly lockFile b9899f31-mocha mocha@
38 silly lockFile b9899f31-mocha mocha@
39 silly resolved [ { name: 'mocha',
39 silly resolved     version: '2.1.0',
39 silly resolved     description: 'simple, flexible, fun test framework',
39 silly resolved     keywords: [ 'mocha', 'test', 'bdd', 'tdd', 'tap' ],
39 silly resolved     author: { name: 'TJ Holowaychuk', email: 'tj@vision-media.ca' },
39 silly resolved     contributors:
39 silly resolved      [ [Object],
39 silly resolved        [Object],
39 silly resolved        [Object],
39 silly resolved        [Object],
39 silly resolved        [Object],
39 silly resolved        [Object],
39 silly resolved        [Object],
39 silly resolved        [Object] ],
39 silly resolved     repository: { type: 'git', url: 'git://github.com/mochajs/mocha.git' },
39 silly resolved     maintainers: [ [Object], [Object], [Object] ],
39 silly resolved     main: './index',
39 silly resolved     browser: './mocha.js',
39 silly resolved     bin: { mocha: './bin/mocha', _mocha: './bin/_mocha' },
39 silly resolved     engines: { node: '>= 0.8.x' },
39 silly resolved     scripts: { test: 'make test-all' },
39 silly resolved     dependencies:
39 silly resolved      { commander: '2.3.0',
39 silly resolved        debug: '2.0.0',
39 silly resolved        diff: '1.0.8',
39 silly resolved        'escape-string-regexp': '1.0.2',
39 silly resolved        glob: '3.2.3',
39 silly resolved        growl: '1.8.1',
39 silly resolved        jade: '0.26.3',
39 silly resolved        mkdirp: '0.5.0' },
39 silly resolved     devDependencies: { 'coffee-script': '~1.8.0', should: '~4.0.0' },
39 silly resolved     files:
39 silly resolved      [ 'bin',
39 silly resolved        'images',
39 silly resolved        'lib',
39 silly resolved        'index.js',
39 silly resolved        'mocha.css',
39 silly resolved        'mocha.js',
39 silly resolved        'LICENSE' ],
39 silly resolved     licenses: [ [Object] ],
39 silly resolved     bugs: { url: 'https://github.com/mochajs/mocha/issues' },
39 silly resolved     homepage: 'https://github.com/mochajs/mocha',
39 silly resolved     _id: 'mocha@2.1.0',
39 silly resolved     _shasum: '77752fe592fb9092756827af46cd3eae1b83671c',
39 silly resolved     _from: 'mocha@',
39 silly resolved     _npmVersion: '1.4.9',
39 silly resolved     _npmUser: { name: 'travisjeffery', email: 'tj@travisjeffery.com' },
39 silly resolved     dist:
39 silly resolved      { shasum: '77752fe592fb9092756827af46cd3eae1b83671c',
39 silly resolved        tarball: 'http://registry.npmjs.org/mocha/-/mocha-2.1.0.tgz' },
39 silly resolved     directories: {},
39 silly resolved     _resolved: 'https://registry.npmjs.org/mocha/-/mocha-2.1.0.tgz',
39 silly resolved     readme: 'ERROR: No README data found!' } ]
40 info install mocha@2.1.0 into /usr/local/lib
41 info installOne mocha@2.1.0
42 verbose lib/node_modules/mocha unbuild
43 verbose tar unpack /Users/todd/.npm/mocha/2.1.0/package.tgz
44 silly lockFile 746f3f6f-usr-local-lib-node-modules-mocha tar:///usr/local/lib/node_modules/mocha
45 verbose lock tar:///usr/local/lib/node_modules/mocha /Users/todd/.npm/746f3f6f-usr-local-lib-node-modules-mocha.lock
46 silly lockFile e42e98ca-todd-npm-mocha-2-1-0-package-tgz tar:///Users/todd/.npm/mocha/2.1.0/package.tgz
47 verbose lock tar:///Users/todd/.npm/mocha/2.1.0/package.tgz /Users/todd/.npm/e42e98ca-todd-npm-mocha-2-1-0-package-tgz.lock
48 silly gunzTarPerm modes [ '755', '644' ]
49 error Error: EACCES, mkdir '/usr/local/lib/node_modules/mocha'
49 error  { [Error: EACCES, mkdir '/usr/local/lib/node_modules/mocha']
49 error   errno: 3,
49 error   code: 'EACCES',
49 error   path: '/usr/local/lib/node_modules/mocha',
49 error   fstream_type: 'Directory',
49 error   fstream_path: '/usr/local/lib/node_modules/mocha',
49 error   fstream_class: 'DirWriter',
49 error   fstream_stack:
49 error    [ '/usr/local/lib/node_modules/npm/node_modules/fstream/lib/dir-writer.js:36:23',
49 error      '/usr/local/lib/node_modules/npm/node_modules/mkdirp/index.js:46:53',
49 error      'Object.oncomplete (fs.js:108:15)' ] }
50 error Please try running this command again as root/Administrator.
51 error System Darwin 14.0.0
52 error command "node" "/usr/local/bin/npm" "install" "-g" "mocha"
53 error cwd /Users/todd/Projects/aliment
54 error node -v v0.10.36
55 error npm -v 1.4.28
56 error path /usr/local/lib/node_modules/mocha
57 error fstream_path /usr/local/lib/node_modules/mocha
58 error fstream_type Directory
59 error fstream_class DirWriter
60 error code EACCES
61 error errno 3
62 error stack Error: EACCES, mkdir '/usr/local/lib/node_modules/mocha'
63 error fstream_stack /usr/local/lib/node_modules/npm/node_modules/fstream/lib/dir-writer.js:36:23
63 error fstream_stack /usr/local/lib/node_modules/npm/node_modules/mkdirp/index.js:46:53
63 error fstream_stack Object.oncomplete (fs.js:108:15)
64 verbose exit [ 3, true ]
